<?xml version="1.0" encoding="UTF-8"?>
<!-- Generated by org.testng.reporters.JUnitReportReporter -->
<testsuite hostname="HuangWL" name="HWL.COM.helloworld.TestBrowsers" tests="1" failures="0" timestamp="19 Oct 2016 07:08:16 GMT" time="18.486" errors="0">
  <testcase name="SelectItemFromDropDownList" time="18.486" classname="HWL.COM.helloworld.TestBrowsers"/>
</testsuite> <!-- HWL.COM.helloworld.TestBrowsers -->
